<?xml version="1.0" encoding="UTF-8"?>
<testsuite xmlns:xsi="http://www.w3.org/2001/XMLSchema-instance" xsi:noNamespaceSchemaLocation="https://maven.apache.org/surefire/maven-surefire-plugin/xsd/surefire-test-report.xsd" name="competition.GroupeStageTest" time="0.005" tests="4" errors="0" skipped="0" failures="0">
  <properties>
[...]
</properties>
  <testcase name="playMatchTest" classname="competition.GroupeStageTest" time="0"/>
  <testcase name="addObserverTest" classname="competition.GroupeStageTest" time="0.001"/>
  <testcase name="playTest" classname="competition.GroupeStageTest" time="0.001"/>
  <testcase name="protectedPlayTest" classname="competition.GroupeStageTest" time="0.001"/>
</testsuite>